Base path: C:/Program Files/Unity/Editor/Data
Pipe name: \\.\pipe\UnityShaderCompiler-64bit-1-2404
Cmd: getPlatforms
Cmd: compileSnippet
  api=1 type=0 insize=990 outsize=144 kw= pd= ok=1
Cmd: compileSnippet
  api=1 type=1 insize=990 outsize=103 kw= pd= ok=1
Cmd: compileSnippet
  api=1 type=0 insize=541 outsize=832 kw=SHADOWS_DEPTH pd= ok=1
Cmd: compileSnippet
  api=1 type=1 insize=541 outsize=61 kw=SHADOWS_DEPTH pd= ok=1
Cmd: compileSnippet
  api=1 type=0 insize=6924 outsize=580 kw=DIRECTIONAL SHADOWS_OFF LIGHTMAP_OFF DIRLIGHTMAP_OFF DYNAMICLIGHTMAP_OFF pd= ok=1
Cmd: compileSnippet
  api=1 type=1 insize=6924 outsize=263 kw=DIRECTIONAL SHADOWS_OFF LIGHTMAP_OFF DIRLIGHTMAP_OFF DYNAMICLIGHTMAP_OFF pd= ok=1
Cmd: compileSnippet
  api=1 type=0 insize=3695 outsize=339 kw=DIRECTIONAL pd= ok=1
Cmd: compileSnippet
  api=1 type=1 insize=3695 outsize=223 kw=DIRECTIONAL pd= ok=1
Cmd: compileSnippet
  api=1 type=0 insize=1642 outsize=169 kw=SOFTPARTICLES_OFF pd= ok=1
Cmd: compileSnippet
  api=1 type=1 insize=1642 outsize=115 kw=SOFTPARTICLES_OFF pd= ok=1
Cmd: compileSnippet
  api=1 type=0 insize=959 outsize=144 kw= pd= ok=1
Cmd: compileSnippet
  api=1 type=1 insize=959 outsize=66 kw= pd= ok=1
